<?xml version="1.0" encoding="UTF-8"?>
<testsuite name="NumerosRomanosTest" tests="20" skipped="0" failures="0" errors="0" timestamp="2020-01-10T22:32:27" hostname="MPUENTESPC" time="0.143">
  <properties/>
  <testcase name="pasar4ARomanosTest()" classname="NumerosRomanosTest" time="0.038"/>
  <testcase name="pasar3ARomanosTest()" classname="NumerosRomanosTest" time="0.003"/>
  <testcase name="pasar11ARomanosTest()" classname="NumerosRomanosTest" time="0.002"/>
  <testcase name="pasar2ARomanosTest()" classname="NumerosRomanosTest" time="0.002"/>
  <testcase name="pasar10ARomanosTest()" classname="NumerosRomanosTest" time="0.002"/>
  <testcase name="pasar1ARomanosTest()" classname="NumerosRomanosTest" time="0.003"/>
  <testcase name="pasar20RomanosTest()" classname="NumerosRomanosTest" time="0.006"/>
  <testcase name="pasar9ARomanosTest()" classname="NumerosRomanosTest" time="0.002"/>
  <testcase name="pasar8ARomanosTest()" classname="NumerosRomanosTest" time="0.001"/>
  <testcase name="pasar12RomanosTest()" classname="NumerosRomanosTest" time="0.0"/>
  <testcase name="pasar13RomanosTest()" classname="NumerosRomanosTest" time="0.001"/>
  <testcase name="pasar7ARomanosTest()" classname="NumerosRomanosTest" time="0.003"/>
  <testcase name="pasar14RomanosTest()" classname="NumerosRomanosTest" time="0.005"/>
  <testcase name="pasar15RomanosTest()" classname="NumerosRomanosTest" time="0.016"/>
  <testcase name="pasar6ARomanosTest()" classname="NumerosRomanosTest" time="0.005"/>
  <testcase name="pasar16RomanosTest()" classname="NumerosRomanosTest" time="0.001"/>
  <testcase name="pasar17RomanosTest()" classname="NumerosRomanosTest" time="0.008"/>
  <testcase name="pasar5ARomanosTest()" classname="NumerosRomanosTest" time="0.001"/>
  <testcase name="pasar18RomanosTest()" classname="NumerosRomanosTest" time="0.001"/>
  <testcase name="pasar19RomanosTest()" classname="NumerosRomanosTest" time="0.0"/>
  <system-out><![CDATA[]]></system-out>
  <system-err><![CDATA[]]></system-err>
</testsuite>
